
### Investigate the impact of `batch_size` on sylva_prior dataset

#### D: 2, H: 512, B: 16 ####

-- Performance --

|                      |    BCE |   Hinge |   eLOTO |
|:---------------------|-------:|--------:|--------:|
| ('test_acc', 'mean') | 0.9913 |  0.9914 |  0.9877 |
| ('test_acc', 'std')  | 0.0002 |  0.0002 |  0.0005 |

-- Testing --

|    | A     | B     |   p-unc | alternative   |
|---:|:------|:------|--------:|:--------------|
|  1 | BCE   | eLOTO |       1 | less          |
|  2 | Hinge | eLOTO |       1 | less          |
|    | A     | B     |   p-unc | alternative   |
|---:|:------|:------|--------:|:--------------|
|  1 | BCE   | eLOTO |       0 | greater       |
|  2 | Hinge | eLOTO |       0 | greater       |

-- Result --

| (512, 2) | mean(std) | 0.9913(0.0002) | 0.9914(0.0002) | 0.9877(0.0005) |
|          | p_value   | 0.99998        | 0.99999        | ---            |


#### D: 2, H: 512, B: 32 ####

-- Performance --

|                      |    BCE |   Hinge |   eLOTO |
|:---------------------|-------:|--------:|--------:|
| ('test_acc', 'mean') | 0.9914 |  0.9915 |  0.9916 |
| ('test_acc', 'std')  | 0.0001 |  0.0001 |  0.0002 |

-- Testing --

|    | A     | B     |   p-unc | alternative   |
|---:|:------|:------|--------:|:--------------|
|  1 | BCE   | eLOTO |  0.1186 | less          |
|  2 | Hinge | eLOTO |  0.2513 | less          |
|    | A     | B     |   p-unc | alternative   |
|---:|:------|:------|--------:|:--------------|
|  1 | BCE   | eLOTO |  0.8814 | greater       |
|  2 | Hinge | eLOTO |  0.7487 | greater       |

-- Result --

| (512, 2) | mean(std) | 0.9914(0.0001) | 0.9915(0.0001) | 0.9916(0.0002) |
|          | p_value   | 0.1186        | 0.25126        | ---            |



#### D: 2, H: 256, B: 64 ####

-- Performance --

|                      |    BCE |   Hinge |   eLOTO |
|:---------------------|-------:|--------:|--------:|
| ('test_acc', 'mean') | 0.9911 |  0.991  |  0.9934 |
| ('test_acc', 'std')  | 0.0002 |  0.0002 |  0.0002 |

-- Testing --

|    | A     | B     |   p-unc | alternative   |
|---:|:------|:------|--------:|:--------------|
|  1 | BCE   | eLOTO |       0 | less          |
|  2 | Hinge | eLOTO |       0 | less          |
|    | A     | B     |   p-unc | alternative   |
|---:|:------|:------|--------:|:--------------|
|  1 | BCE   | eLOTO |       1 | greater       |
|  2 | Hinge | eLOTO |       1 | greater       |

-- Result --

| (256, 2) | mean(std) | 0.9911(0.0002) | 0.991(0.0002) | 0.9934(0.0002) |
|          | p_value   | 0.0        | 0.0        | ---            |


#### D: 2, H: 512, B: 128 ####

-- Performance --

|                      |    BCE |   Hinge |   eLOTO |
|:---------------------|-------:|--------:|--------:|
| ('test_acc', 'mean') | 0.9914 |  0.9915 |  0.994  |
| ('test_acc', 'std')  | 0.0002 |  0.0002 |  0.0002 |

-- Testing --

|    | A     | B     |   p-unc | alternative   |
|---:|:------|:------|--------:|:--------------|
|  1 | BCE   | eLOTO |       0 | less          |
|  2 | Hinge | eLOTO |       0 | less          |
|    | A     | B     |   p-unc | alternative   |
|---:|:------|:------|--------:|:--------------|
|  1 | BCE   | eLOTO |       1 | greater       |
|  2 | Hinge | eLOTO |       1 | greater       |

-- Result --

| (512, 2) | mean(std) | 0.9914(0.0002) | 0.9915(0.0002) | 0.994(0.0002) |
|          | p_value   | 0.0        | 0.0        | ---            |


#### D: 2, H: 512, B: 512 ####

-- Performance --

|                      |    BCE |   Hinge |   eLOTO |
|:---------------------|-------:|--------:|--------:|
| ('test_acc', 'mean') | 0.9913 |  0.9909 |  0.994  |
| ('test_acc', 'std')  | 0.0001 |  0.0003 |  0.0002 |

-- Testing --

|    | A     | B     |   p-unc | alternative   |
|---:|:------|:------|--------:|:--------------|
|  1 | BCE   | eLOTO |       0 | less          |
|  2 | Hinge | eLOTO |       0 | less          |
|    | A     | B     |   p-unc | alternative   |
|---:|:------|:------|--------:|:--------------|
|  1 | BCE   | eLOTO |       1 | greater       |
|  2 | Hinge | eLOTO |       1 | greater       |

-- Result --

| (512, 2) | mean(std) | 0.9913(0.0001) | 0.9909(0.0003) | 0.994(0.0002) |
|          | p_value   | 0.0        | 0.0        | ---            |


#### D: 2, H: 512, Batch: 1024 ####

-- Performance --

|                      |    BCE |   Hinge |   eLOTO |
|:---------------------|-------:|--------:|--------:|
| ('test_acc', 'mean') | 0.9923 |  0.991  |  0.9927 |
| ('test_acc', 'std')  | 0.0002 |  0.0002 |  0.0003 |

-- Testing --

|    | A     | B     |   p-unc | alternative   |
|---:|:------|:------|--------:|:--------------|
|  1 | BCE   | eLOTO |  0.1548 | less          |
|  2 | Hinge | eLOTO |  0.0001 | less          |
|    | A     | B     |   p-unc | alternative   |
|---:|:------|:------|--------:|:--------------|
|  1 | BCE   | eLOTO |  0.8452 | greater       |
|  2 | Hinge | eLOTO |  0.9999 | greater       |

-- Result --

| (512, 2) | mean(std) | 0.9923(0.0002) | 0.991(0.0002) | 0.9927(0.0003) |
|          | p_value   | 0.15479        | 0.00012        | ---            |