
dataset: philippine (5832 x 309)
--------------------------------

#### D: 1, H: 64 ####

-- Performance --

|                      |    BCE |   COTO |   Hinge |
|:---------------------|-------:|-------:|--------:|
| ('test_acc', 'mean') | 0.7008 | 0.6928 |  0.6819 |
| ('test_acc', 'std')  | 0.0016 | 0.0018 |  0.0023 |

-- Testing --

|    | A     | B    |   pvalue |    stat | alternative   |
|---:|:------|:-----|---------:|--------:|:--------------|
|  2 | BCE   | COTO |        1 |  5.8127 | less          |
|  4 | Hinge | COTO |        0 | -5.2135 | less          |
|    | A     | B    |   pvalue |    stat | alternative   |
|---:|:------|:-----|---------:|--------:|:--------------|
|  2 | BCE   | COTO |        0 |  5.8127 | greater       |
|  4 | Hinge | COTO |        1 | -5.2135 | greater       |

-- Result --

| (64, 1) | mean(std) | 0.7008(0.0016) | 0.6819(0.0023) | 0.6928(0.0018) |
|          | p_value   | 0.99999        | 2e-05        | ---            |

#### D: 1, H: 128 ####

-- Performance --

|                      |    BCE |   COTO |   Hinge |
|:---------------------|-------:|-------:|--------:|
| ('test_acc', 'mean') | 0.7044 | 0.6972 |  0.6903 |
| ('test_acc', 'std')  | 0.0017 | 0.0016 |  0.0013 |

-- Testing --

|    | A     | B    |   pvalue |    stat | alternative   |
|---:|:------|:-----|---------:|--------:|:--------------|
|  2 | BCE   | COTO |   0.9996 |  3.9408 | less          |
|  4 | Hinge | COTO |   0      | -5.2175 | less          |
|    | A     | B    |   pvalue |    stat | alternative   |
|---:|:------|:-----|---------:|--------:|:--------------|
|  2 | BCE   | COTO |   0.0004 |  3.9408 | greater       |
|  4 | Hinge | COTO |   1      | -5.2175 | greater       |

-- Result --

| (128, 1) | mean(std) | 0.7044(0.0017) | 0.6903(0.0013) | 0.6972(0.0016) |
|          | p_value   | 0.99956        | 2e-05        | ---            |


#### D: 1, H: 256 ####

-- Performance --

|                      |    BCE |   COTO |   Hinge |
|:---------------------|-------:|-------:|--------:|
| ('test_acc', 'mean') | 0.7055 | 0.7012 |  0.6929 |
| ('test_acc', 'std')  | 0.0021 | 0.0017 |  0.0018 |

-- Testing --

|    | A     | B    |   pvalue |    stat | alternative   |
|---:|:------|:-----|---------:|--------:|:--------------|
|  2 | BCE   | COTO |   0.9982 |  3.3186 | less          |
|  4 | Hinge | COTO |   0.0001 | -4.4535 | less          |
|    | A     | B    |   pvalue |    stat | alternative   |
|---:|:------|:-----|---------:|--------:|:--------------|
|  2 | BCE   | COTO |   0.0018 |  3.3186 | greater       |
|  4 | Hinge | COTO |   0.9999 | -4.4535 | greater       |

-- Result --

| (256, 1) | mean(std) | 0.7055(0.0021) | 0.6929(0.0018) | 0.7012(0.0017) |
|          | p_value   | 0.99819        | 0.00014        | ---            |


dataset: sylva_prior dataset (14,000 x 109)
-------------------------------------------

#### D: 1, H: 64 ####

-- Performance --

|                      |    BCE |   COTO |   Hinge |
|:---------------------|-------:|-------:|--------:|
| ('test_acc', 'mean') | 0.9933 | 0.994  |  0.9935 |
| ('test_acc', 'std')  | 0.0002 | 0.0002 |  0.0002 |

-- Testing --

|    | A     | B    |   pvalue |    stat | alternative   |
|---:|:------|:-----|---------:|--------:|:--------------|
|  2 | BCE   | COTO |   0.0002 | -4.2363 | less          |
|  4 | Hinge | COTO |   0.0025 | -3.1763 | less          |
|    | A     | B    |   pvalue |    stat | alternative   |
|---:|:------|:-----|---------:|--------:|:--------------|
|  2 | BCE   | COTO |   0.9998 | -4.2363 | greater       |
|  4 | Hinge | COTO |   0.9975 | -3.1763 | greater       |

-- Result --

| (64, 1) | mean(std) | 0.9933(0.0002) | 0.9935(0.0002) | 0.994(0.0002) |
|          | p_value   | 0.00022        | 0.00249        | ---            |

#### D: 1, H: 128 ####

-- Performance --

|                      |    BCE |   COTO |   Hinge |
|:---------------------|-------:|-------:|--------:|
| ('test_acc', 'mean') | 0.9931 | 0.994  |  0.9936 |
| ('test_acc', 'std')  | 0.0001 | 0.0002 |  0.0002 |

-- Testing --

|    | A     | B    |   pvalue |    stat | alternative   |
|---:|:------|:-----|---------:|--------:|:--------------|
|  2 | BCE   | COTO |   0      | -5.3418 | less          |
|  4 | Hinge | COTO |   0.0372 | -1.8881 | less          |
|    | A     | B    |   pvalue |    stat | alternative   |
|---:|:------|:-----|---------:|--------:|:--------------|
|  2 | BCE   | COTO |   1      | -5.3418 | greater       |
|  4 | Hinge | COTO |   0.9628 | -1.8881 | greater       |

-- Result --

| (128, 1) | mean(std) | 0.9931(0.0001) | 0.9936(0.0002) | 0.994(0.0002) |
|          | p_value   | 2e-05        | 0.03719        | ---            |


#### D: 1, H: 256 ####

-- Performance --

|                      |    BCE |   COTO |   Hinge |
|:---------------------|-------:|-------:|--------:|
| ('test_acc', 'mean') | 0.9931 | 0.994  |  0.9932 |
| ('test_acc', 'std')  | 0.0001 | 0.0002 |  0.0002 |

-- Testing --

|    | A     | B    |   pvalue |    stat | alternative   |
|---:|:------|:-----|---------:|--------:|:--------------|
|  2 | BCE   | COTO |   0.0001 | -4.6572 | less          |
|  4 | Hinge | COTO |   0.0002 | -4.3012 | less          |
|    | A     | B    |   pvalue |    stat | alternative   |
|---:|:------|:-----|---------:|--------:|:--------------|
|  2 | BCE   | COTO |   0.9999 | -4.6572 | greater       |
|  4 | Hinge | COTO |   0.9998 | -4.3012 | greater       |

-- Result --

| (256, 1) | mean(std) | 0.9931(0.0001) | 0.9932(0.0002) | 0.994(0.0002) |
|          | p_value   | 9e-05        | 0.00019        | ---            |


#### D: 2, H: 64 ####

-- Performance --

|                      |    BCE |   COTO |   Hinge |
|:---------------------|-------:|-------:|--------:|
| ('test_acc', 'mean') | 0.9929 | 0.9943 |  0.9929 |
| ('test_acc', 'std')  | 0.0002 | 0.0002 |  0.0001 |

-- Testing --

|    | A     | B    |   pvalue |     stat | alternative   |
|---:|:------|:-----|---------:|---------:|:--------------|
|  2 | BCE   | COTO |        0 |  -9.6901 | less          |
|  4 | Hinge | COTO |        0 | -12.9627 | less          |
|    | A     | B    |   pvalue |     stat | alternative   |
|---:|:------|:-----|---------:|---------:|:--------------|
|  2 | BCE   | COTO |        1 |  -9.6901 | greater       |
|  4 | Hinge | COTO |        1 | -12.9627 | greater       |

-- Result --

| (64, 2) | mean(std) | 0.9929(0.0002) | 0.9929(0.0001) | 0.9943(0.0002) |
|          | p_value   | 0.0        | 0.0        | ---            |


#### D: 2, H: 128 ####

-- Performance --

|                      |    BCE |   COTO |   Hinge |
|:---------------------|-------:|-------:|--------:|
| ('test_acc', 'mean') | 0.9927 | 0.9937 |  0.993  |
| ('test_acc', 'std')  | 0.0002 | 0.0002 |  0.0002 |

-- Testing --

|    | A     | B    |   pvalue |    stat | alternative   |
|---:|:------|:-----|---------:|--------:|:--------------|
|  2 | BCE   | COTO |   0      | -7.79   | less          |
|  4 | Hinge | COTO |   0.0004 | -3.9254 | less          |
|    | A     | B    |   pvalue |    stat | alternative   |
|---:|:------|:-----|---------:|--------:|:--------------|
|  2 | BCE   | COTO |   1      | -7.79   | greater       |
|  4 | Hinge | COTO |   0.9996 | -3.9254 | greater       |

-- Result --

| (128, 2) | mean(std) | 0.9927(0.0002) | 0.993(0.0002) | 0.9937(0.0002) |
|          | p_value   | 0.0        | 0.00045        | ---            |


#### D: 2, H: 256 ####

-- Performance --

|                      |    BCE |   COTO |   Hinge |
|:---------------------|-------:|-------:|--------:|
| ('test_acc', 'mean') | 0.9927 | 0.9932 |  0.9926 |
| ('test_acc', 'std')  | 0.0002 | 0.0002 |  0.0002 |

-- Testing --

|    | A     | B    |   pvalue |    stat | alternative   |
|---:|:------|:-----|---------:|--------:|:--------------|
|  2 | BCE   | COTO |   0.0005 | -3.8882 | less          |
|  4 | Hinge | COTO |   0      | -5.2437 | less          |
|    | A     | B    |   pvalue |    stat | alternative   |
|---:|:------|:-----|---------:|--------:|:--------------|
|  2 | BCE   | COTO |   0.9995 | -3.8882 | greater       |
|  4 | Hinge | COTO |   1      | -5.2437 | greater       |

-- Result --

| (256, 2) | mean(std) | 0.9927(0.0002) | 0.9926(0.0002) | 0.9932(0.0002) |
|          | p_value   | 0.00049        | 2e-05        | ---            |


#### D: 3, H: 64 ####

-- Performance --

|                      |    BCE |   COTO |   Hinge |
|:---------------------|-------:|-------:|--------:|
| ('test_acc', 'mean') | 0.9925 | 0.9937 |  0.9929 |
| ('test_acc', 'std')  | 0.0002 | 0.0001 |  0.0001 |

-- Testing --

|    | A     | B    |   pvalue |    stat | alternative   |
|---:|:------|:-----|---------:|--------:|:--------------|
|  2 | BCE   | COTO |        0 | -5.7659 | less          |
|  4 | Hinge | COTO |        0 | -5.8809 | less          |
|    | A     | B    |   pvalue |    stat | alternative   |
|---:|:------|:-----|---------:|--------:|:--------------|
|  2 | BCE   | COTO |        1 | -5.7659 | greater       |
|  4 | Hinge | COTO |        1 | -5.8809 | greater       |

-- Result --

| (64, 3) | mean(std) | 0.9925(0.0002) | 0.9929(0.0001) | 0.9937(0.0001) |
|          | p_value   | 1e-05        | 1e-05        | ---            |

#### D: 3, H: 128 ####

-- Performance --

|                      |    BCE |   COTO |   Hinge |
|:---------------------|-------:|-------:|--------:|
| ('test_acc', 'mean') | 0.9925 | 0.9932 |  0.9928 |
| ('test_acc', 'std')  | 0.0002 | 0.0001 |  0.0002 |

-- Testing --

|    | A     | B    |   pvalue |    stat | alternative   |
|---:|:------|:-----|---------:|--------:|:--------------|
|  2 | BCE   | COTO |   0.0007 | -3.7112 | less          |
|  4 | Hinge | COTO |   0.006  | -2.7769 | less          |
|    | A     | B    |   pvalue |    stat | alternative   |
|---:|:------|:-----|---------:|--------:|:--------------|
|  2 | BCE   | COTO |   0.9993 | -3.7112 | greater       |
|  4 | Hinge | COTO |   0.994  | -2.7769 | greater       |

-- Result --

| (128, 3) | mean(std) | 0.9925(0.0002) | 0.9928(0.0002) | 0.9932(0.0001) |
|          | p_value   | 0.00074        | 0.00601        | ---            |


#### D: 3, H: 256 ####

-- Performance --

|                      |    BCE |   COTO |   Hinge |
|:---------------------|-------:|-------:|--------:|
| ('test_acc', 'mean') | 0.9925 | 0.9931 |  0.9926 |
| ('test_acc', 'std')  | 0.0002 | 0.0002 |  0.0002 |

-- Testing --

|    | A     | B    |   pvalue |    stat | alternative   |
|---:|:------|:-----|---------:|--------:|:--------------|
|  2 | BCE   | COTO |   0.0004 | -4.0222 | less          |
|  4 | Hinge | COTO |   0.0018 | -3.3226 | less          |
|    | A     | B    |   pvalue |    stat | alternative   |
|---:|:------|:-----|---------:|--------:|:--------------|
|  2 | BCE   | COTO |   0.9996 | -4.0222 | greater       |
|  4 | Hinge | COTO |   0.9982 | -3.3226 | greater       |

-- Result --

| (256, 3) | mean(std) | 0.9925(0.0002) | 0.9926(0.0002) | 0.9931(0.0002) |
|          | p_value   | 0.00036        | 0.00179        | ---            |


dataset: SantanderCustomerSatisfaction (200,000 x 202)
------------------------------------------------------

#### D: 1, H: 64 ####

-- Performance --

|                      |    BCE |   COTO |   Hinge |
|:---------------------|-------:|-------:|--------:|
| ('test_acc', 'mean') | 0.8906 | 0.9127 |  0.9001 |
| ('test_acc', 'std')  | 0.0003 | 0.0002 |  0.0003 |

-- Testing --

|    | A     | B    |   pvalue |     stat | alternative   |
|---:|:------|:-----|---------:|---------:|:--------------|
|  2 | BCE   | COTO |        0 | -72.2034 | less          |
|  4 | Hinge | COTO |        0 | -38.1153 | less          |
|    | A     | B    |   pvalue |     stat | alternative   |
|---:|:------|:-----|---------:|---------:|:--------------|
|  2 | BCE   | COTO |        1 | -72.2034 | greater       |
|  4 | Hinge | COTO |        1 | -38.1153 | greater       |

-- Result --

| (64, 1) | mean(std) | 0.8906(0.0003) | 0.9001(0.0003) | 0.9127(0.0002) |
|          | p_value   | 0.0        | 0.0        | ---            |


#### D: 1, H: 128 ####

-- Performance --

|                      |    BCE |   COTO |   Hinge |
|:---------------------|-------:|-------:|--------:|
| ('test_acc', 'mean') | 0.881  | 0.9127 |  0.8827 |
| ('test_acc', 'std')  | 0.0003 | 0.0001 |  0.0003 |

-- Testing --

|    | A     | B    |   pvalue |      stat | alternative   |
|---:|:------|:-----|---------:|----------:|:--------------|
|  2 | BCE   | COTO |        0 | -106.052  | less          |
|  4 | Hinge | COTO |        0 |  -88.9094 | less          |
|    | A     | B    |   pvalue |      stat | alternative   |
|---:|:------|:-----|---------:|----------:|:--------------|
|  2 | BCE   | COTO |        1 | -106.052  | greater       |
|  4 | Hinge | COTO |        1 |  -88.9094 | greater       |

-- Result --

| (128, 1) | mean(std) | 0.881(0.0003) | 0.8827(0.0003) | 0.9127(0.0001) |
|          | p_value   | 0.0        | 0.0        | ---            |


#### D: 1, H: 256 ####

-- Performance --

|                      |    BCE |   COTO |   Hinge |
|:---------------------|-------:|-------:|--------:|
| ('test_acc', 'mean') | 0.884  | 0.9129 |  0.8756 |
| ('test_acc', 'std')  | 0.0003 | 0.0001 |  0.0004 |

-- Testing --

|    | A     | B    |   pvalue |     stat | alternative   |
|---:|:------|:-----|---------:|---------:|:--------------|
|  2 | BCE   | COTO |        0 | -96.8512 | less          |
|  4 | Hinge | COTO |        0 | -91.9331 | less          |
|    | A     | B    |   pvalue |     stat | alternative   |
|---:|:------|:-----|---------:|---------:|:--------------|
|  2 | BCE   | COTO |        1 | -96.8512 | greater       |
|  4 | Hinge | COTO |        1 | -91.9331 | greater       |

-- Result --

| (256, 1) | mean(std) | 0.884(0.0003) | 0.8756(0.0004) | 0.9129(0.0001) |
|          | p_value   | 0.0        | 0.0        | ---            |


#### D: 2, H: 64 ####

-- Performance --

|                      |    BCE |   COTO |   Hinge |
|:---------------------|-------:|-------:|--------:|
| ('test_acc', 'mean') | 0.8807 | 0.9084 |  0.9055 |
| ('test_acc', 'std')  | 0.0004 | 0.0004 |  0.0002 |

-- Testing --

|    | A     | B    |   pvalue |     stat | alternative   |
|---:|:------|:-----|---------:|---------:|:--------------|
|  2 | BCE   | COTO |        0 | -52.7079 | less          |
|  4 | Hinge | COTO |        0 |  -7.0283 | less          |
|    | A     | B    |   pvalue |     stat | alternative   |
|---:|:------|:-----|---------:|---------:|:--------------|
|  2 | BCE   | COTO |        1 | -52.7079 | greater       |
|  4 | Hinge | COTO |        1 |  -7.0283 | greater       |

-- Result --

| (64, 2) | mean(std) | 0.8807(0.0004) | 0.9055(0.0002) | 0.9084(0.0004) |
|          | p_value   | 0.0        | 0.0        | ---            |


#### D: 2, H: 128 ####

-- Performance --

|                      |    BCE |   COTO |   Hinge |
|:---------------------|-------:|-------:|--------:|
| ('test_acc', 'mean') | 0.8864 | 0.9078 |  0.8828 |
| ('test_acc', 'std')  | 0.0003 | 0.0002 |  0.0003 |

-- Testing --

|    | A     | B    |   pvalue |     stat | alternative   |
|---:|:------|:-----|---------:|---------:|:--------------|
|  2 | BCE   | COTO |        0 | -66.1276 | less          |
|  4 | Hinge | COTO |        0 | -76.7183 | less          |
|    | A     | B    |   pvalue |     stat | alternative   |
|---:|:------|:-----|---------:|---------:|:--------------|
|  2 | BCE   | COTO |        1 | -66.1276 | greater       |
|  4 | Hinge | COTO |        1 | -76.7183 | greater       |

-- Result --

| (128, 2) | mean(std) | 0.8864(0.0003) | 0.8828(0.0003) | 0.9078(0.0002) |
|          | p_value   | 0.0        | 0.0        | ---            |


#### D: 2, H: 256 ####

-- Performance --

|                      |    BCE |   COTO |   Hinge |
|:---------------------|-------:|-------:|--------:|
| ('test_acc', 'mean') | 0.8974 | 0.9076 |  0.8961 |
| ('test_acc', 'std')  | 0.0002 | 0.0002 |  0.0003 |

-- Testing --

|    | A     | B    |   pvalue |     stat | alternative   |
|---:|:------|:-----|---------:|---------:|:--------------|
|  2 | BCE   | COTO |        0 | -40.2839 | less          |
|  4 | Hinge | COTO |        0 | -38.9838 | less          |
|    | A     | B    |   pvalue |     stat | alternative   |
|---:|:------|:-----|---------:|---------:|:--------------|
|  2 | BCE   | COTO |        1 | -40.2839 | greater       |
|  4 | Hinge | COTO |        1 | -38.9838 | greater       |

-- Result --

| (256, 2) | mean(std) | 0.8974(0.0002) | 0.8961(0.0003) | 0.9076(0.0002) |
|          | p_value   | 0.0        | 0.0        | ---            |


#### D: 3, H: 64 ####

-- Performance --

|                      |    BCE |   COTO |   Hinge |
|:---------------------|-------:|-------:|--------:|
| ('test_acc', 'mean') | 0.8785 | 0.9046 |  0.9048 |
| ('test_acc', 'std')  | 0.0005 | 0.0002 |  0.0002 |

-- Testing --

|    | A     | B    |   pvalue |     stat | alternative   |
|---:|:------|:-----|---------:|---------:|:--------------|
|  2 | BCE   | COTO |   0      | -57.1312 | less          |
|  4 | Hinge | COTO |   0.8505 |   1.0677 | less          |
|    | A     | B    |   pvalue |     stat | alternative   |
|---:|:------|:-----|---------:|---------:|:--------------|
|  2 | BCE   | COTO |   1      | -57.1312 | greater       |
|  4 | Hinge | COTO |   0.1495 |   1.0677 | greater       |

-- Result --

| (64, 3) | mean(std) | 0.8785(0.0005) | 0.9048(0.0002) | 0.9046(0.0002) |
|          | p_value   | 0.0        | 0.85047        | ---            |


#### D: 3, H: 128 ####

-- Performance --

|                      |    BCE |   COTO |   Hinge |
|:---------------------|-------:|-------:|--------:|
| ('test_acc', 'mean') | 0.8898 | 0.9043 |  0.9041 |
| ('test_acc', 'std')  | 0.0003 | 0.0002 |  0.0004 |

-- Testing --

|    | A     | B    |   pvalue |     stat | alternative   |
|---:|:------|:-----|---------:|---------:|:--------------|
|  2 | BCE   | COTO |   0      | -45.0327 | less          |
|  4 | Hinge | COTO |   0.3232 |  -0.4662 | less          |
|    | A     | B    |   pvalue |     stat | alternative   |
|---:|:------|:-----|---------:|---------:|:--------------|
|  2 | BCE   | COTO |   1      | -45.0327 | greater       |
|  4 | Hinge | COTO |   0.6768 |  -0.4662 | greater       |

-- Result --

| (128, 3) | mean(std) | 0.8898(0.0003) | 0.9041(0.0004) | 0.9043(0.0002) |
|          | p_value   | 0.0        | 0.32319        | ---            |

#### D: 3, H: 256 ####

-- Performance --

|                      |    BCE |   COTO |   Hinge |
|:---------------------|-------:|-------:|--------:|
| ('test_acc', 'mean') | 0.8985 | 0.9047 |  0.8987 |
| ('test_acc', 'std')  | 0.0002 | 0.0002 |  0.0003 |

-- Testing --

|    | A     | B    |   pvalue |    stat | alternative   |
|---:|:------|:-----|---------:|--------:|:--------------|
|  2 | BCE   | COTO |        0 | -23.602 | less          |
|  4 | Hinge | COTO |        0 | -16.665 | less          |
|    | A     | B    |   pvalue |    stat | alternative   |
|---:|:------|:-----|---------:|--------:|:--------------|
|  2 | BCE   | COTO |        1 | -23.602 | greater       |
|  4 | Hinge | COTO |        1 | -16.665 | greater       |

-- Result --

| (256, 3) | mean(std) | 0.8985(0.0002) | 0.8987(0.0003) | 0.9047(0.0002) |
|          | p_value   | 0.0        | 0.0        | ---            |
